{"C:\\Users\\pvlas\\Петр\\ajs\\syntactic-constructions\\1\\src\\js\\app.js": {"path":"C:\\Users\\pvlas\\Петр\\ajs\\syntactic-constructions\\1\\src\\js\\app.js","statementMap":{"0":{"start":{"line":3,"column":3},"end":{"line":9,"column":3}},"1":{"start":{"line":4,"column":5},"end":{"line":6,"column":3}},"2":{"start":{"line":5,"column":4},"end":{"line":5,"column":25}},"3":{"start":{"line":8,"column":2},"end":{"line":8,"column":45}}},"fnMap":{"0":{"name":"isItInteger","decl":{"start":{"line":2,"column":24},"end":{"line":2,"column":35}},"loc":{"start":{"line":2,"column":43},"end":{"line":10,"column":1}},"line":2}},"branchMap":{"0":{"loc":{"start":{"line":4,"column":5},"end":{"line":6,"column":3}},"type":"if","locations":[{"start":{"line":4,"column":5},"end":{"line":6,"column":3}},{"start":{"line":4,"column":5},"end":{"line":6,"column":3}}],"line":4}},"s":{"0":2,"1":2,"2":2,"3":0},"f":{"0":2},"b":{"0":[2,0]},"_coverageSchema":"43e27e138ebf9cfc5966b082cf9a028302ed4184","hash":"e2502e1d0d42ce4f2a0c8250930dc56a0395dae3"}
}
